<?xml version="1.0" encoding="UTF-8"?>
<testsuite name="SatelliteDTO Tests" tests="8" skipped="0" failures="0" errors="0" timestamp="2025-10-01T16:59:50.893Z" hostname="02-5CD147CLH7" time="0.004">
  <properties/>
  <testcase name="Should handle message with null elements" classname="com.quasar.fireoperation.api.domain.general.SatelliteDTOTest" time="0.0"/>
  <testcase name="Should handle large distance values" classname="com.quasar.fireoperation.api.domain.general.SatelliteDTOTest" time="0.001"/>
  <testcase name="Should create DTO with constructor" classname="com.quasar.fireoperation.api.domain.general.SatelliteDTOTest" time="0.0"/>
  <testcase name="Should handle zero distance" classname="com.quasar.fireoperation.api.domain.general.SatelliteDTOTest" time="0.0"/>
  <testcase name="Should handle null message list" classname="com.quasar.fireoperation.api.domain.general.SatelliteDTOTest" time="0.0"/>
  <testcase name="Should handle empty message list" classname="com.quasar.fireoperation.api.domain.general.SatelliteDTOTest" time="0.0"/>
  <testcase name="Should handle negative distance" classname="com.quasar.fireoperation.api.domain.general.SatelliteDTOTest" time="0.001"/>
  <testcase name="Should handle null name" classname="com.quasar.fireoperation.api.domain.general.SatelliteDTOTest" time="0.0"/>
  <system-out><![CDATA[]]></system-out>
  <system-err><![CDATA[]]></system-err>
</testsuite>
