<?xml version="1.0" encoding="UTF-8"?>
<testsuite name="TopSecretRequestDTO Tests" tests="6" skipped="0" failures="0" errors="0" timestamp="2025-10-01T16:59:50.898Z" hostname="02-5CD147CLH7" time="0.003">
  <properties/>
  <testcase name="Should handle empty satellites list" classname="com.quasar.fireoperation.api.domain.general.TopSecretRequestDTOTest" time="0.0"/>
  <testcase name="Should handle single satellite" classname="com.quasar.fireoperation.api.domain.general.TopSecretRequestDTOTest" time="0.0"/>
  <testcase name="Should handle null satellites list" classname="com.quasar.fireoperation.api.domain.general.TopSecretRequestDTOTest" time="0.0"/>
  <testcase name="Should handle satellites with null values" classname="com.quasar.fireoperation.api.domain.general.TopSecretRequestDTOTest" time="0.0"/>
  <testcase name="Should create request with satellites list" classname="com.quasar.fireoperation.api.domain.general.TopSecretRequestDTOTest" time="0.0"/>
  <testcase name="Should handle more than three satellites" classname="com.quasar.fireoperation.api.domain.general.TopSecretRequestDTOTest" time="0.0"/>
  <system-out><![CDATA[]]></system-out>
  <system-err><![CDATA[]]></system-err>
</testsuite>
