<?xml version="1.0" encoding="UTF-8"?>
<testsuite name="PositionDTO Tests" tests="7" skipped="0" failures="0" errors="0" timestamp="2025-10-01T16:59:50.832Z" hostname="02-5CD147CLH7" time="0.004">
  <properties/>
  <testcase name="Should create position with coordinates" classname="com.quasar.fireoperation.api.domain.general.PositionDTOTest" time="0.0"/>
  <testcase name="Should handle floating point precision" classname="com.quasar.fireoperation.api.domain.general.PositionDTOTest" time="0.001"/>
  <testcase name="Should handle NaN values" classname="com.quasar.fireoperation.api.domain.general.PositionDTOTest" time="0.0"/>
  <testcase name="Should handle zero coordinates" classname="com.quasar.fireoperation.api.domain.general.PositionDTOTest" time="0.0"/>
  <testcase name="Should handle infinite values" classname="com.quasar.fireoperation.api.domain.general.PositionDTOTest" time="0.0"/>
  <testcase name="Should handle large coordinate values" classname="com.quasar.fireoperation.api.domain.general.PositionDTOTest" time="0.0"/>
  <testcase name="Should handle negative coordinates" classname="com.quasar.fireoperation.api.domain.general.PositionDTOTest" time="0.001"/>
  <system-out><![CDATA[]]></system-out>
  <system-err><![CDATA[]]></system-err>
</testsuite>
